<?xml version="1.0" encoding="UTF-8"?>
<testng-results skipped="0" failed="1" ignored="3" total="13" passed="9">
  <reporter-output>
  </reporter-output>
  <suite name="Loan Department" duration-ms="220" started-at="2021-03-19T14:48:15 EDT" finished-at="2021-03-19T14:48:15 EDT">
    <groups>
      <group name="Smoke">
        <method signature="day2.ploan()[pri:0, instance:test.day2@47ef968d]" name="ploan" class="test.day2"/>
        <method signature="day4.MobileLoginHomeLoan()[pri:0, instance:test.day4@3dd4520b]" name="MobileLoginHomeLoan" class="test.day4"/>
        <method signature="day3.MobileLogincarLoan()[pri:0, instance:test.day3@2d6eabae]" name="MobileLogincarLoan" class="test.day3"/>
      </group> <!-- Smoke -->
    </groups>
    <test name="Personal loan" duration-ms="82" started-at="2021-03-19T14:48:15 EDT" finished-at="2021-03-19T14:48:15 EDT">
      <class name="test.day4">
        <test-method status="PASS" signature="LoginAPIHomeLoan()[pri:0, instance:test.day4@3dd4520b]" name="LoginAPIHomeLoan" duration-ms="5" started-at="2021-03-19T14:48:15 EDT" finished-at="2021-03-19T14:48:15 EDT">
          <reporter-output>
          </reporter-output>
        </test-method> <!-- LoginAPIHomeLoan -->
        <test-method status="PASS" signature="MobileLoginHomeLoan()[pri:0, instance:test.day4@3dd4520b]" name="MobileLoginHomeLoan" duration-ms="3" started-at="2021-03-19T14:48:15 EDT" finished-at="2021-03-19T14:48:15 EDT">
          <reporter-output>
          </reporter-output>
        </test-method> <!-- MobileLoginHomeLoan -->
        <test-method status="PASS" signature="WebloginHomeLoan(java.lang.String)[pri:0, instance:test.day4@3dd4520b]" name="WebloginHomeLoan" duration-ms="2" started-at="2021-03-19T14:48:15 EDT" finished-at="2021-03-19T14:48:15 EDT">
          <params>
            <param index="0">
              <value>
                <![CDATA[personalloan.com]]>
              </value>
            </param>
          </params>
          <reporter-output>
          </reporter-output>
        </test-method> <!-- WebloginHomeLoan -->
      </class> <!-- test.day4 -->
      <class name="test.day2">
        <test-method status="PASS" signature="prerequiste()[pri:0, instance:test.day2@47ef968d]" name="prerequiste" is-config="true" duration-ms="1" started-at="2021-03-19T14:48:15 EDT" finished-at="2021-03-19T14:48:15 EDT">
          <reporter-output>
          </reporter-output>
        </test-method> <!-- prerequiste -->
        <test-method status="PASS" signature="ploan()[pri:0, instance:test.day2@47ef968d]" name="ploan" duration-ms="2" started-at="2021-03-19T14:48:15 EDT" finished-at="2021-03-19T14:48:15 EDT">
          <reporter-output>
          </reporter-output>
        </test-method> <!-- ploan -->
      </class> <!-- test.day2 -->
      <class name="test.day1">
        <test-method status="FAIL" signature="Demo()[pri:0, instance:test.day1@23e028a9]" name="Demo" duration-ms="9" started-at="2021-03-19T14:48:15 EDT" finished-at="2021-03-19T14:48:15 EDT">
          <exception class="java.lang.AssertionError">
            <message>
              <![CDATA[expected [true] but found [false]]]>
            </message>
            <full-stacktrace>
              <![CDATA[java.lang.AssertionError: expected [true] but found [false]
at org.testng.Assert.fail(Assert.java:99)
at org.testng.Assert.failNotEquals(Assert.java:1037)
at org.testng.Assert.assertTrue(Assert.java:45)
at org.testng.Assert.assertTrue(Assert.java:55)
at test.day1.Demo(day1.java:22)
at sun.reflect.NativeMethodAccessorImpl.invoke0(Native Method)
at sun.reflect.NativeMethodAccessorImpl.invoke(Unknown Source)
at sun.reflect.DelegatingMethodAccessorImpl.invoke(Unknown Source)
at java.lang.reflect.Method.invoke(Unknown Source)
at org.testng.internal.MethodInvocationHelper.invokeMethod(MethodInvocationHelper.java:132)
at org.testng.internal.TestInvoker.invokeMethod(TestInvoker.java:599)
at org.testng.internal.TestInvoker.invokeTestMethod(TestInvoker.java:174)
at org.testng.internal.MethodRunner.runInSequence(MethodRunner.java:46)
at org.testng.internal.TestInvoker$MethodInvocationAgent.invoke(TestInvoker.java:822)
at org.testng.internal.TestInvoker.invokeTestMethods(TestInvoker.java:147)
at org.testng.internal.TestMethodWorker.invokeTestMethods(TestMethodWorker.java:146)
at org.testng.internal.TestMethodWorker.run(TestMethodWorker.java:128)
at java.util.ArrayList.forEach(Unknown Source)
at org.testng.TestRunner.privateRun(TestRunner.java:764)
at org.testng.TestRunner.run(TestRunner.java:585)
at org.testng.SuiteRunner.runTest(SuiteRunner.java:384)
at org.testng.SuiteRunner.runSequentially(SuiteRunner.java:378)
at org.testng.SuiteRunner.privateRun(SuiteRunner.java:337)
at org.testng.SuiteRunner.run(SuiteRunner.java:286)
at org.testng.SuiteRunnerWorker.runSuite(SuiteRunnerWorker.java:53)
at org.testng.SuiteRunnerWorker.run(SuiteRunnerWorker.java:96)
at org.testng.TestNG.runSuitesSequentially(TestNG.java:1218)
at org.testng.TestNG.runSuitesLocally(TestNG.java:1140)
at org.testng.TestNG.runSuites(TestNG.java:1069)
at org.testng.TestNG.run(TestNG.java:1037)
at org.testng.remote.AbstractRemoteTestNG.run(AbstractRemoteTestNG.java:115)
at org.testng.remote.RemoteTestNG.initAndRun(RemoteTestNG.java:251)
at org.testng.remote.RemoteTestNG.main(RemoteTestNG.java:77)
]]>
            </full-stacktrace>
          </exception> <!-- java.lang.AssertionError -->
          <reporter-output>
          </reporter-output>
        </test-method> <!-- Demo -->
        <test-method status="PASS" signature="lastexecution()[pri:0, instance:test.day1@23e028a9]" name="lastexecution" is-config="true" duration-ms="1" started-at="2021-03-19T14:48:15 EDT" finished-at="2021-03-19T14:48:15 EDT">
          <reporter-output>
          </reporter-output>
        </test-method> <!-- lastexecution -->
      </class> <!-- test.day1 -->
    </test> <!-- Personal loan -->
    <test name="Car Loan" duration-ms="48" started-at="2021-03-19T14:48:15 EDT" finished-at="2021-03-19T14:48:15 EDT">
      <class name="test.day3">
        <test-method status="PASS" signature="Bfsuite()[pri:0, instance:test.day3@2d6eabae]" name="Bfsuite" is-config="true" duration-ms="7" started-at="2021-03-19T14:48:15 EDT" finished-at="2021-03-19T14:48:15 EDT">
          <reporter-output>
          </reporter-output>
        </test-method> <!-- Bfsuite -->
        <test-method status="PASS" signature="befoclas()[pri:0, instance:test.day3@2d6eabae]" name="befoclas" is-config="true" duration-ms="1" started-at="2021-03-19T14:48:15 EDT" finished-at="2021-03-19T14:48:15 EDT">
          <reporter-output>
          </reporter-output>
        </test-method> <!-- befoclas -->
        <test-method status="PASS" signature="beforeevery()[pri:0, instance:test.day3@2d6eabae]" name="beforeevery" is-config="true" duration-ms="0" started-at="2021-03-19T14:48:15 EDT" finished-at="2021-03-19T14:48:15 EDT">
          <reporter-output>
          </reporter-output>
        </test-method> <!-- beforeevery -->
        <test-method status="PASS" signature="MobileLogincarLoan()[pri:0, instance:test.day3@2d6eabae]" name="MobileLogincarLoan" duration-ms="1" started-at="2021-03-19T14:48:15 EDT" finished-at="2021-03-19T14:48:15 EDT">
          <reporter-output>
          </reporter-output>
        </test-method> <!-- MobileLogincarLoan -->
        <test-method status="PASS" signature="afterevery()[pri:0, instance:test.day3@2d6eabae]" name="afterevery" is-config="true" duration-ms="1" started-at="2021-03-19T14:48:15 EDT" finished-at="2021-03-19T14:48:15 EDT">
          <reporter-output>
          </reporter-output>
        </test-method> <!-- afterevery -->
        <test-method status="PASS" signature="MobilesignoutcarLoan(java.lang.String, java.lang.String)[pri:0, instance:test.day3@2d6eabae]" name="MobilesignoutcarLoan" duration-ms="6" started-at="2021-03-19T14:48:15 EDT" data-provider="getData" finished-at="2021-03-19T14:48:15 EDT">
          <params>
            <param index="0">
              <value>
                <![CDATA[firstsetusername]]>
              </value>
            </param>
            <param index="1">
              <value>
                <![CDATA[firstpassword]]>
              </value>
            </param>
          </params>
          <reporter-output>
          </reporter-output>
        </test-method> <!-- MobilesignoutcarLoan -->
        <test-method status="PASS" signature="beforeevery()[pri:0, instance:test.day3@2d6eabae]" name="beforeevery" is-config="true" duration-ms="0" started-at="2021-03-19T14:48:15 EDT" finished-at="2021-03-19T14:48:15 EDT">
          <reporter-output>
          </reporter-output>
        </test-method> <!-- beforeevery -->
        <test-method status="PASS" signature="afterevery()[pri:0, instance:test.day3@2d6eabae]" name="afterevery" is-config="true" duration-ms="0" started-at="2021-03-19T14:48:15 EDT" finished-at="2021-03-19T14:48:15 EDT">
          <reporter-output>
          </reporter-output>
        </test-method> <!-- afterevery -->
        <test-method status="PASS" signature="beforeevery()[pri:0, instance:test.day3@2d6eabae]" name="beforeevery" is-config="true" duration-ms="1" started-at="2021-03-19T14:48:15 EDT" finished-at="2021-03-19T14:48:15 EDT">
          <reporter-output>
          </reporter-output>
        </test-method> <!-- beforeevery -->
        <test-method status="PASS" signature="MobilesignoutcarLoan(java.lang.String, java.lang.String)[pri:0, instance:test.day3@2d6eabae]" name="MobilesignoutcarLoan" duration-ms="4" started-at="2021-03-19T14:48:15 EDT" data-provider="getData" finished-at="2021-03-19T14:48:15 EDT">
          <params>
            <param index="0">
              <value>
                <![CDATA[secondsetusername]]>
              </value>
            </param>
            <param index="1">
              <value>
                <![CDATA[secondpassword]]>
              </value>
            </param>
          </params>
          <reporter-output>
          </reporter-output>
        </test-method> <!-- MobilesignoutcarLoan -->
        <test-method status="PASS" signature="afterevery()[pri:0, instance:test.day3@2d6eabae]" name="afterevery" is-config="true" duration-ms="1" started-at="2021-03-19T14:48:15 EDT" finished-at="2021-03-19T14:48:15 EDT">
          <reporter-output>
          </reporter-output>
        </test-method> <!-- afterevery -->
        <test-method status="PASS" signature="beforeevery()[pri:0, instance:test.day3@2d6eabae]" name="beforeevery" is-config="true" duration-ms="2" started-at="2021-03-19T14:48:15 EDT" finished-at="2021-03-19T14:48:15 EDT">
          <reporter-output>
          </reporter-output>
        </test-method> <!-- beforeevery -->
        <test-method status="PASS" signature="MobilesignoutcarLoan(java.lang.String, java.lang.String)[pri:0, instance:test.day3@2d6eabae]" name="MobilesignoutcarLoan" duration-ms="3" started-at="2021-03-19T14:48:15 EDT" data-provider="getData" finished-at="2021-03-19T14:48:15 EDT">
          <params>
            <param index="0">
              <value>
                <![CDATA[thirdsetusername]]>
              </value>
            </param>
            <param index="1">
              <value>
                <![CDATA[thirdpassword]]>
              </value>
            </param>
          </params>
          <reporter-output>
          </reporter-output>
        </test-method> <!-- MobilesignoutcarLoan -->
        <test-method status="PASS" signature="afterevery()[pri:0, instance:test.day3@2d6eabae]" name="afterevery" is-config="true" duration-ms="1" started-at="2021-03-19T14:48:15 EDT" finished-at="2021-03-19T14:48:15 EDT">
          <reporter-output>
          </reporter-output>
        </test-method> <!-- afterevery -->
        <test-method status="PASS" signature="beforeevery()[pri:0, instance:test.day3@2d6eabae]" name="beforeevery" is-config="true" duration-ms="1" started-at="2021-03-19T14:48:15 EDT" finished-at="2021-03-19T14:48:15 EDT">
          <reporter-output>
          </reporter-output>
        </test-method> <!-- beforeevery -->
        <test-method status="PASS" signature="WebloginCarLoan(java.lang.String, java.lang.String)[pri:0, instance:test.day3@2d6eabae]" name="WebloginCarLoan" duration-ms="2" started-at="2021-03-19T14:48:15 EDT" finished-at="2021-03-19T14:48:15 EDT">
          <params>
            <param index="0">
              <value>
                <![CDATA[carloan.com]]>
              </value>
            </param>
            <param index="1">
              <value>
                <![CDATA[123456]]>
              </value>
            </param>
          </params>
          <reporter-output>
          </reporter-output>
        </test-method> <!-- WebloginCarLoan -->
        <test-method status="PASS" signature="afterevery()[pri:0, instance:test.day3@2d6eabae]" name="afterevery" is-config="true" duration-ms="0" started-at="2021-03-19T14:48:15 EDT" finished-at="2021-03-19T14:48:15 EDT">
          <reporter-output>
          </reporter-output>
        </test-method> <!-- afterevery -->
        <test-method status="PASS" signature="afteclas()[pri:0, instance:test.day3@2d6eabae]" name="afteclas" is-config="true" duration-ms="2" started-at="2021-03-19T14:48:15 EDT" finished-at="2021-03-19T14:48:15 EDT">
          <reporter-output>
          </reporter-output>
        </test-method> <!-- afteclas -->
      </class> <!-- test.day3 -->
      <class name="test.day1">
        <test-method status="PASS" signature="afSyite()[pri:0, instance:test.day1@23e028a9]" name="afSyite" is-config="true" duration-ms="0" started-at="2021-03-19T14:48:15 EDT" finished-at="2021-03-19T14:48:15 EDT">
          <reporter-output>
          </reporter-output>
        </test-method> <!-- afSyite -->
      </class> <!-- test.day1 -->
    </test> <!-- Car Loan -->
  </suite> <!-- Loan Department -->
</testng-results>
